[23/Oct/2018 14:25:27] "GET /keyboard HTTP/1.1" 200 48
[23/Oct/2018 14:25:38] "POST /message HTTP/1.1" 200 75
[23/Oct/2018 14:25:52] "POST /message HTTP/1.1" 200 75
Not Found: /
[23/Oct/2018 14:26:03] "GET / HTTP/1.1" 404 2739
[23/Oct/2018 14:30:30] "GET /keyboard HTTP/1.1" 200 48
[23/Oct/2018 14:31:11] "GET /keyboard HTTP/1.1" 200 48
Performing system checks...

System check identified no issues (0 silenced).

You have 14 unapplied migration(s). Your project may not work properly until you apply the migrations for app(s): admin, auth, contenttypes, sessions.
Run 'python manage.py migrate' to apply them.
October 23, 2018 - 14:24:20
Django version 2.0.9, using settings 'kakaobot.settings'
Starting development server at http://0.0.0.0:8080/
Quit the server with CONTROL-C.
[23/Oct/2018 16:23:22] "GET /keyboard HTTP/1.1" 200 87
[23/Oct/2018 16:23:32] "GET /keyboard HTTP/1.1" 200 87
[23/Oct/2018 16:23:51] "POST /message HTTP/1.1" 200 90
[23/Oct/2018 16:25:37] "DELETE /chat_room/YimYhhwomVJR HTTP/1.1" 200 0
[23/Oct/2018 16:25:44] "POST /message HTTP/1.1" 200 90
[23/Oct/2018 16:27:13] "POST /message HTTP/1.1" 200 90
[23/Oct/2018 16:42:40] "GET /keyboard HTTP/1.1" 200 87
[23/Oct/2018 16:45:20] "GET /keyboard HTTP/1.1" 200 87
[23/Oct/2018 16:45:22] "POST /message HTTP/1.1" 200 90
Performing system checks...

System check identified no issues (0 silenced).

You have 14 unapplied migration(s). Your project may not work properly until you apply the migrations for app(s): admin, auth, contenttypes, sessions.
Run 'python manage.py migrate' to apply them.
October 23, 2018 - 16:23:12
Django version 2.0.9, using settings 'kakaobot.settings'
Starting development server at http://0.0.0.0:8080/
Quit the server with CONTROL-C.
YimYhhwomVJR text 환율
YimYhhwomVJR text 환율
YimYhhwomVJR text 환율
YimYhhwomVJR text 환율
[23/Oct/2018 16:50:13] "DELETE /chat_room/YimYhhwomVJR HTTP/1.1" 200 0
[23/Oct/2018 16:50:21] "GET /keyboard HTTP/1.1" 200 87
[23/Oct/2018 16:50:22] "POST /message HTTP/1.1" 200 218
[23/Oct/2018 16:50:56] "DELETE /chat_room/YimYhhwomVJR HTTP/1.1" 200 0
[23/Oct/2018 16:51:04] "POST /message HTTP/1.1" 200 218
[23/Oct/2018 16:54:59] "POST /message HTTP/1.1" 200 218
Performing system checks...

System check identified no issues (0 silenced).

You have 14 unapplied migration(s). Your project may not work properly until you apply the migrations for app(s): admin, auth, contenttypes, sessions.
Run 'python manage.py migrate' to apply them.
October 23, 2018 - 16:50:39
Django version 2.0.9, using settings 'kakaobot.settings'
Starting development server at http://0.0.0.0:8080/
Quit the server with CONTROL-C.
YimYhhwomVJR text 환율
YimYhhwomVJR text 환율
[23/Oct/2018 16:55:37] "DELETE /chat_room/YimYhhwomVJR HTTP/1.1" 200 0
[23/Oct/2018 16:55:43] "GET /keyboard HTTP/1.1" 200 87
[23/Oct/2018 16:55:44] "POST /message HTTP/1.1" 200 219
[23/Oct/2018 16:55:46] "POST /message HTTP/1.1" 200 219
[23/Oct/2018 16:55:46] "POST /message HTTP/1.1" 200 200
[23/Oct/2018 17:12:17] "GET /keyboard HTTP/1.1" 200 87
[23/Oct/2018 17:12:19] "POST /message HTTP/1.1" 200 219
[23/Oct/2018 17:12:21] "POST /message HTTP/1.1" 200 200
[23/Oct/2018 17:12:32] "POST /friend HTTP/1.1" 200 0
[23/Oct/2018 17:12:51] "POST /message HTTP/1.1" 200 219
[23/Oct/2018 17:12:53] "POST /message HTTP/1.1" 200 219
[23/Oct/2018 17:12:56] "POST /message HTTP/1.1" 200 200
[23/Oct/2018 17:13:03] "POST /message HTTP/1.1" 200 219
[23/Oct/2018 17:13:04] "POST /message HTTP/1.1" 200 219
[23/Oct/2018 17:13:05] "POST /message HTTP/1.1" 200 219
[23/Oct/2018 17:13:05] "POST /message HTTP/1.1" 200 219
[23/Oct/2018 17:13:06] "POST /message HTTP/1.1" 200 219
[23/Oct/2018 17:13:06] "POST /message HTTP/1.1" 200 219
[23/Oct/2018 17:13:07] "POST /message HTTP/1.1" 200 219
[23/Oct/2018 17:16:28] "POST /friend HTTP/1.1" 200 0
[23/Oct/2018 17:16:37] "POST /message HTTP/1.1" 200 219
[23/Oct/2018 17:27:17] "GET /keyboard HTTP/1.1" 200 87
[23/Oct/2018 17:30:34] "POST /message HTTP/1.1" 200 219
[23/Oct/2018 17:45:45] "GET /keyboard HTTP/1.1" 200 87
[23/Oct/2018 17:45:51] "POST /message HTTP/1.1" 200 219
[23/Oct/2018 17:45:54] "POST /message HTTP/1.1" 200 200
[23/Oct/2018 17:48:40] "POST /message HTTP/1.1" 200 219
[23/Oct/2018 17:48:42] "POST /message HTTP/1.1" 200 200
[23/Oct/2018 17:51:02] "GET /keyboard HTTP/1.1" 200 87
[23/Oct/2018 17:51:07] "POST /message HTTP/1.1" 200 219
[23/Oct/2018 18:11:50] "GET /keyboard HTTP/1.1" 200 87
[23/Oct/2018 18:11:52] "POST /message HTTP/1.1" 200 219
[23/Oct/2018 18:12:49] "POST /message HTTP/1.1" 200 219
[23/Oct/2018 18:17:08] "GET /keyboard HTTP/1.1" 200 87
[23/Oct/2018 18:17:23] "POST /message HTTP/1.1" 200 219
[23/Oct/2018 18:18:57] "POST /message HTTP/1.1" 200 219
[23/Oct/2018 18:20:44] "POST /message HTTP/1.1" 200 219
[23/Oct/2018 18:21:52] "POST /message HTTP/1.1" 200 219
[23/Oct/2018 18:21:55] "POST /message HTTP/1.1" 200 219
[23/Oct/2018 18:24:35] "GET /keyboard HTTP/1.1" 200 87
[23/Oct/2018 18:39:27] "GET /keyboard HTTP/1.1" 200 87
[23/Oct/2018 18:39:28] "POST /message HTTP/1.1" 200 219
[23/Oct/2018 18:44:54] "GET /keyboard HTTP/1.1" 200 87
[23/Oct/2018 18:44:56] "POST /message HTTP/1.1" 200 219
[23/Oct/2018 18:55:41] "GET /keyboard HTTP/1.1" 200 87
[23/Oct/2018 18:55:43] "POST /message HTTP/1.1" 200 219
[23/Oct/2018 19:01:58] "GET /keyboard HTTP/1.1" 200 87
Not Found: /
[23/Oct/2018 19:12:54] "GET / HTTP/1.0" 404 2748
[23/Oct/2018 19:18:14] "GET /keyboard HTTP/1.1" 200 87
[23/Oct/2018 20:09:59] "GET /keyboard HTTP/1.1" 200 87
[23/Oct/2018 20:10:00] "POST /message HTTP/1.1" 200 219
[23/Oct/2018 20:22:11] "GET /keyboard HTTP/1.1" 200 87
[23/Oct/2018 20:45:10] "GET /keyboard HTTP/1.1" 200 87
[23/Oct/2018 20:45:11] "POST /message HTTP/1.1" 200 219
Not Found: /
[23/Oct/2018 21:17:52] "GET / HTTP/1.1" 404 2739
[23/Oct/2018 22:01:00] "GET /keyboard HTTP/1.1" 200 87
[23/Oct/2018 22:01:02] "POST /message HTTP/1.1" 200 219
[23/Oct/2018 22:16:25] "GET /keyboard HTTP/1.1" 200 87
[23/Oct/2018 22:16:27] "POST /message HTTP/1.1" 200 219
[23/Oct/2018 22:23:24] "GET /keyboard HTTP/1.1" 200 87
[23/Oct/2018 22:23:25] "POST /message HTTP/1.1" 200 219
Performing system checks...

System check identified no issues (0 silenced).

You have 14 unapplied migration(s). Your project may not work properly until you apply the migrations for app(s): admin, auth, contenttypes, sessions.
Run 'python manage.py migrate' to apply them.
October 23, 2018 - 16:55:31
Django version 2.0.9, using settings 'kakaobot.settings'
Starting development server at http://0.0.0.0:8080/
Quit the server with CONTROL-C.
YimYhhwomVJR text 환율
YimYhhwomVJR text 환율
YimYhhwomVJR text 미구현
YimYhhwomVJR text 환율
YimYhhwomVJR text 미구현
PRQY1yMPP7RV text 환율
PRQY1yMPP7RV text 환율
PRQY1yMPP7RV text 미구현
PRQY1yMPP7RV text 환율
PRQY1yMPP7RV text 환율
PRQY1yMPP7RV text 환율
PRQY1yMPP7RV text 환율
PRQY1yMPP7RV text 환율
PRQY1yMPP7RV text 환율
PRQY1yMPP7RV text 환율
YTJisQxAtQsV text 환율
YimYhhwomVJR text 환율
ayCQiAs7ld6Y text 환율
ayCQiAs7ld6Y text 미구현
YTJisQxAtQsV text 환율
YTJisQxAtQsV text 미구현
PRQY1yMPP7RV text 환율
PRQY1yMPP7RV text 환율
YimYhhwomVJR text 환율
YimYhhwomVJR text 환율
YimYhhwomVJR text 환율
YimYhhwomVJR text 환율
PRQY1yMPP7RV text 환율
PRQY1yMPP7RV text 환율
YimYhhwomVJR text 환율
YTJisQxAtQsV text 환율
PRQY1yMPP7RV text 환율
YimYhhwomVJR text 환율
YimYhhwomVJR text 환율
YimYhhwomVJR text 환율
PRQY1yMPP7RV text 환율
PRQY1yMPP7RV text 환율
[23/Oct/2018 23:23:34] "GET /keyboard HTTP/1.1" 200 87
[23/Oct/2018 23:23:35] "POST /message HTTP/1.1" 200 219
Performing system checks...

System check identified no issues (0 silenced).

You have 14 unapplied migration(s). Your project may not work properly until you apply the migrations for app(s): admin, auth, contenttypes, sessions.
Run 'python manage.py migrate' to apply them.
October 23, 2018 - 23:23:24
Django version 2.0.9, using settings 'kakaobot.settings'
Starting development server at http://0.0.0.0:8080/
Quit the server with CONTROL-C.
YimYhhwomVJR text 환율
[23/Oct/2018 23:49:56] "GET /keyboard HTTP/1.1" 200 96
[23/Oct/2018 23:49:58] "POST /message HTTP/1.1" 200 200
[23/Oct/2018 23:49:59] "POST /message HTTP/1.1" 200 219
[23/Oct/2018 23:51:16] "DELETE /chat_room/YimYhhwomVJR HTTP/1.1" 200 0
[23/Oct/2018 23:51:40] "POST /message HTTP/1.1" 200 251
[23/Oct/2018 23:51:43] "POST /message HTTP/1.1" 200 219
[23/Oct/2018 23:51:45] "POST /message HTTP/1.1" 200 200
[23/Oct/2018 23:54:39] "POST /message HTTP/1.1" 200 219
Performing system checks...

System check identified no issues (0 silenced).

You have 14 unapplied migration(s). Your project may not work properly until you apply the migrations for app(s): admin, auth, contenttypes, sessions.
Run 'python manage.py migrate' to apply them.
October 23, 2018 - 23:49:50
Django version 2.0.9, using settings 'kakaobot.settings'
Starting development server at http://0.0.0.0:8080/
Quit the server with CONTROL-C.
YimYhhwomVJR text 미구현
YimYhhwomVJR text 환율
YimYhhwomVJR text 오늘서울날씨
YimYhhwomVJR text 환율
YimYhhwomVJR text 미구현
PRQY1yMPP7RV text 환율
Unhandled exception in thread started by <function check_errors.<locals>.wrapper at 0x7f58798a1950>
Traceback (most recent call last):
  File "/root/venv/py3.4_bot/lib64/python3.4/site-packages/django/utils/autoreload.py", line 225, in wrapper
    fn(*args, **kwargs)
  File "/root/venv/py3.4_bot/lib64/python3.4/site-packages/django/core/management/commands/runserver.py", line 120, in inner_run
    self.check(display_num_errors=True)
  File "/root/venv/py3.4_bot/lib64/python3.4/site-packages/django/core/management/base.py", line 364, in check
    include_deployment_checks=include_deployment_checks,
  File "/root/venv/py3.4_bot/lib64/python3.4/site-packages/django/core/management/base.py", line 351, in _run_checks
    return checks.run_checks(**kwargs)
  File "/root/venv/py3.4_bot/lib64/python3.4/site-packages/django/core/checks/registry.py", line 73, in run_checks
    new_errors = check(app_configs=app_configs)
  File "/root/venv/py3.4_bot/lib64/python3.4/site-packages/django/core/checks/urls.py", line 40, in check_url_namespaces_unique
    all_namespaces = _load_all_namespaces(resolver)
  File "/root/venv/py3.4_bot/lib64/python3.4/site-packages/django/core/checks/urls.py", line 57, in _load_all_namespaces
    url_patterns = getattr(resolver, 'url_patterns', [])
  File "/root/venv/py3.4_bot/lib64/python3.4/site-packages/django/utils/functional.py", line 36, in __get__
    res = instance.__dict__[self.name] = self.func(instance)
  File "/root/venv/py3.4_bot/lib64/python3.4/site-packages/django/urls/resolvers.py", line 540, in url_patterns
    patterns = getattr(self.urlconf_module, "urlpatterns", self.urlconf_module)
  File "/root/venv/py3.4_bot/lib64/python3.4/site-packages/django/utils/functional.py", line 36, in __get__
    res = instance.__dict__[self.name] = self.func(instance)
  File "/root/venv/py3.4_bot/lib64/python3.4/site-packages/django/urls/resolvers.py", line 533, in urlconf_module
    return import_module(self.urlconf_name)
  File "/usr/lib64/python3.4/importlib/__init__.py", line 109, in import_module
    return _bootstrap._gcd_import(name[level:], package, level)
  File "<frozen importlib._bootstrap>", line 2254, in _gcd_import
  File "<frozen importlib._bootstrap>", line 2237, in _find_and_load
  File "<frozen importlib._bootstrap>", line 2226, in _find_and_load_unlocked
  File "<frozen importlib._bootstrap>", line 1200, in _load_unlocked
  File "<frozen importlib._bootstrap>", line 1129, in _exec
  File "<frozen importlib._bootstrap>", line 1471, in exec_module
  File "<frozen importlib._bootstrap>", line 321, in _call_with_frames_removed
  File "/root/bot/kakaobot/kakaobot/urls.py", line 21, in <module>
    path('', include('bot.urls')),
  File "/root/venv/py3.4_bot/lib64/python3.4/site-packages/django/urls/conf.py", line 34, in include
    urlconf_module = import_module(urlconf_module)
  File "/usr/lib64/python3.4/importlib/__init__.py", line 109, in import_module
    return _bootstrap._gcd_import(name[level:], package, level)
  File "<frozen importlib._bootstrap>", line 2254, in _gcd_import
  File "<frozen importlib._bootstrap>", line 2237, in _find_and_load
  File "<frozen importlib._bootstrap>", line 2226, in _find_and_load_unlocked
  File "<frozen importlib._bootstrap>", line 1200, in _load_unlocked
  File "<frozen importlib._bootstrap>", line 1129, in _exec
  File "<frozen importlib._bootstrap>", line 1471, in exec_module
  File "<frozen importlib._bootstrap>", line 321, in _call_with_frames_removed
  File "/root/bot/kakaobot/bot/urls.py", line 16, in <module>
    from . import views
  File "/root/bot/kakaobot/bot/views.py", line 79
    message_default = "message":{
                               ^
SyntaxError: invalid syntax
Performing system checks...

Unhandled exception in thread started by <function check_errors.<locals>.wrapper at 0x7f52339a2950>
Traceback (most recent call last):
  File "/root/venv/py3.4_bot/lib64/python3.4/site-packages/django/utils/autoreload.py", line 225, in wrapper
    fn(*args, **kwargs)
  File "/root/venv/py3.4_bot/lib64/python3.4/site-packages/django/core/management/commands/runserver.py", line 120, in inner_run
    self.check(display_num_errors=True)
  File "/root/venv/py3.4_bot/lib64/python3.4/site-packages/django/core/management/base.py", line 364, in check
    include_deployment_checks=include_deployment_checks,
  File "/root/venv/py3.4_bot/lib64/python3.4/site-packages/django/core/management/base.py", line 351, in _run_checks
    return checks.run_checks(**kwargs)
  File "/root/venv/py3.4_bot/lib64/python3.4/site-packages/django/core/checks/registry.py", line 73, in run_checks
    new_errors = check(app_configs=app_configs)
  File "/root/venv/py3.4_bot/lib64/python3.4/site-packages/django/core/checks/urls.py", line 40, in check_url_namespaces_unique
    all_namespaces = _load_all_namespaces(resolver)
  File "/root/venv/py3.4_bot/lib64/python3.4/site-packages/django/core/checks/urls.py", line 57, in _load_all_namespaces
    url_patterns = getattr(resolver, 'url_patterns', [])
  File "/root/venv/py3.4_bot/lib64/python3.4/site-packages/django/utils/functional.py", line 36, in __get__
    res = instance.__dict__[self.name] = self.func(instance)
  File "/root/venv/py3.4_bot/lib64/python3.4/site-packages/django/urls/resolvers.py", line 540, in url_patterns
    patterns = getattr(self.urlconf_module, "urlpatterns", self.urlconf_module)
  File "/root/venv/py3.4_bot/lib64/python3.4/site-packages/django/utils/functional.py", line 36, in __get__
    res = instance.__dict__[self.name] = self.func(instance)
  File "/root/venv/py3.4_bot/lib64/python3.4/site-packages/django/urls/resolvers.py", line 533, in urlconf_module
    return import_module(self.urlconf_name)
  File "/usr/lib64/python3.4/importlib/__init__.py", line 109, in import_module
    return _bootstrap._gcd_import(name[level:], package, level)
  File "<frozen importlib._bootstrap>", line 2254, in _gcd_import
  File "<frozen importlib._bootstrap>", line 2237, in _find_and_load
  File "<frozen importlib._bootstrap>", line 2226, in _find_and_load_unlocked
  File "<frozen importlib._bootstrap>", line 1200, in _load_unlocked
  File "<frozen importlib._bootstrap>", line 1129, in _exec
  File "<frozen importlib._bootstrap>", line 1471, in exec_module
  File "<frozen importlib._bootstrap>", line 321, in _call_with_frames_removed
  File "/root/bot/kakaobot/kakaobot/urls.py", line 21, in <module>
    path('', include('bot.urls')),
  File "/root/venv/py3.4_bot/lib64/python3.4/site-packages/django/urls/conf.py", line 34, in include
    urlconf_module = import_module(urlconf_module)
  File "/usr/lib64/python3.4/importlib/__init__.py", line 109, in import_module
    return _bootstrap._gcd_import(name[level:], package, level)
  File "<frozen importlib._bootstrap>", line 2254, in _gcd_import
  File "<frozen importlib._bootstrap>", line 2237, in _find_and_load
  File "<frozen importlib._bootstrap>", line 2226, in _find_and_load_unlocked
  File "<frozen importlib._bootstrap>", line 1200, in _load_unlocked
  File "<frozen importlib._bootstrap>", line 1129, in _exec
  File "<frozen importlib._bootstrap>", line 1471, in exec_module
  File "<frozen importlib._bootstrap>", line 321, in _call_with_frames_removed
  File "/root/bot/kakaobot/bot/urls.py", line 16, in <module>
    from . import views
  File "/root/bot/kakaobot/bot/views.py", line 79
    message_default = "message":{
                               ^
SyntaxError: invalid syntax
Performing system checks...

[23/Oct/2018 23:59:08] "GET /keyboard HTTP/1.1" 200 96
Not Found: /favicon.ico
[23/Oct/2018 23:59:09] "GET /favicon.ico HTTP/1.1" 404 2790
[23/Oct/2018 23:59:26] "GET /keyboard HTTP/1.1" 200 96
[23/Oct/2018 23:59:54] "GET /keyboard HTTP/1.1" 200 96
[24/Oct/2018 00:00:31] "DELETE /friend/test HTTP/1.1" 200 0
[24/Oct/2018 00:00:31] "POST /friend HTTP/1.1" 200 0
[24/Oct/2018 00:00:32] "DELETE /chat_room/test HTTP/1.1" 200 0
[24/Oct/2018 00:00:32] "GET /keyboard HTTP/1.1" 200 96
[24/Oct/2018 00:00:37] "GET /keyboard HTTP/1.1" 200 96
[24/Oct/2018 00:00:39] "POST /message HTTP/1.1" 200 184
Performing system checks...

System check identified no issues (0 silenced).

You have 14 unapplied migration(s). Your project may not work properly until you apply the migrations for app(s): admin, auth, contenttypes, sessions.
Run 'python manage.py migrate' to apply them.
October 23, 2018 - 23:59:07
Django version 2.0.9, using settings 'kakaobot.settings'
Starting development server at http://0.0.0.0:8080/
Quit the server with CONTROL-C.
YimYhhwomVJR text 환율
Unhandled exception in thread started by <function check_errors.<locals>.wrapper at 0x7fd5284cd950>
Traceback (most recent call last):
  File "/root/venv/py3.4_bot/lib64/python3.4/site-packages/django/utils/autoreload.py", line 225, in wrapper
    fn(*args, **kwargs)
  File "/root/venv/py3.4_bot/lib64/python3.4/site-packages/django/core/management/commands/runserver.py", line 120, in inner_run
    self.check(display_num_errors=True)
  File "/root/venv/py3.4_bot/lib64/python3.4/site-packages/django/core/management/base.py", line 364, in check
    include_deployment_checks=include_deployment_checks,
  File "/root/venv/py3.4_bot/lib64/python3.4/site-packages/django/core/management/base.py", line 351, in _run_checks
    return checks.run_checks(**kwargs)
  File "/root/venv/py3.4_bot/lib64/python3.4/site-packages/django/core/checks/registry.py", line 73, in run_checks
    new_errors = check(app_configs=app_configs)
  File "/root/venv/py3.4_bot/lib64/python3.4/site-packages/django/core/checks/urls.py", line 40, in check_url_namespaces_unique
    all_namespaces = _load_all_namespaces(resolver)
  File "/root/venv/py3.4_bot/lib64/python3.4/site-packages/django/core/checks/urls.py", line 57, in _load_all_namespaces
    url_patterns = getattr(resolver, 'url_patterns', [])
  File "/root/venv/py3.4_bot/lib64/python3.4/site-packages/django/utils/functional.py", line 36, in __get__
    res = instance.__dict__[self.name] = self.func(instance)
  File "/root/venv/py3.4_bot/lib64/python3.4/site-packages/django/urls/resolvers.py", line 540, in url_patterns
    patterns = getattr(self.urlconf_module, "urlpatterns", self.urlconf_module)
  File "/root/venv/py3.4_bot/lib64/python3.4/site-packages/django/utils/functional.py", line 36, in __get__
    res = instance.__dict__[self.name] = self.func(instance)
  File "/root/venv/py3.4_bot/lib64/python3.4/site-packages/django/urls/resolvers.py", line 533, in urlconf_module
    return import_module(self.urlconf_name)
  File "/usr/lib64/python3.4/importlib/__init__.py", line 109, in import_module
    return _bootstrap._gcd_import(name[level:], package, level)
  File "<frozen importlib._bootstrap>", line 2254, in _gcd_import
  File "<frozen importlib._bootstrap>", line 2237, in _find_and_load
  File "<frozen importlib._bootstrap>", line 2226, in _find_and_load_unlocked
  File "<frozen importlib._bootstrap>", line 1200, in _load_unlocked
  File "<frozen importlib._bootstrap>", line 1129, in _exec
  File "<frozen importlib._bootstrap>", line 1471, in exec_module
  File "<frozen importlib._bootstrap>", line 321, in _call_with_frames_removed
  File "/root/bot/kakaobot/kakaobot/urls.py", line 21, in <module>
    path('', include('bot.urls')),
  File "/root/venv/py3.4_bot/lib64/python3.4/site-packages/django/urls/conf.py", line 34, in include
    urlconf_module = import_module(urlconf_module)
  File "/usr/lib64/python3.4/importlib/__init__.py", line 109, in import_module
    return _bootstrap._gcd_import(name[level:], package, level)
  File "<frozen importlib._bootstrap>", line 2254, in _gcd_import
  File "<frozen importlib._bootstrap>", line 2237, in _find_and_load
  File "<frozen importlib._bootstrap>", line 2226, in _find_and_load_unlocked
  File "<frozen importlib._bootstrap>", line 1200, in _load_unlocked
  File "<frozen importlib._bootstrap>", line 1129, in _exec
  File "<frozen importlib._bootstrap>", line 1471, in exec_module
  File "<frozen importlib._bootstrap>", line 321, in _call_with_frames_removed
  File "/root/bot/kakaobot/bot/urls.py", line 16, in <module>
    from . import views
  File "/root/bot/kakaobot/bot/views.py", line 82
    message_default["keyboard"] = keyboard_default())
                                                    ^
SyntaxError: invalid syntax
Performing system checks...

[24/Oct/2018 00:02:59] "GET /keyboard HTTP/1.1" 200 96
[24/Oct/2018 00:03:02] "DELETE /chat_room/YimYhhwomVJR HTTP/1.1" 200 0
[24/Oct/2018 00:03:07] "POST /message HTTP/1.1" 200 228
[24/Oct/2018 00:03:08] "POST /message HTTP/1.1" 200 260
Not Found: /
[24/Oct/2018 00:12:43] "GET / HTTP/1.1" 404 2739
Not Found: /
[24/Oct/2018 00:21:56] "GET / HTTP/1.1" 404 2739
Not Found: /
[24/Oct/2018 00:44:52] "GET / HTTP/1.1" 404 2739
[24/Oct/2018 01:39:31] "GET /keyboard HTTP/1.1" 200 96
[24/Oct/2018 01:39:34] "POST /message HTTP/1.1" 200 260
[24/Oct/2018 01:39:36] "POST /message HTTP/1.1" 200 228
Not Found: /
[24/Oct/2018 01:53:47] "GET / HTTP/1.1" 404 2739
Not Found: /
[24/Oct/2018 02:05:13] "GET / HTTP/1.1" 404 2739
[24/Oct/2018 02:20:13] "GET /keyboard HTTP/1.1" 200 96
[24/Oct/2018 02:20:15] "POST /message HTTP/1.1" 200 260
[24/Oct/2018 02:20:16] "POST /message HTTP/1.1" 200 228
Not Found: /
[24/Oct/2018 03:05:27] "GET / HTTP/1.1" 404 2739
Not Found: /
[24/Oct/2018 03:39:37] "GET / HTTP/1.0" 404 2748
Not Found: /
[24/Oct/2018 04:30:16] "GET / HTTP/1.0" 404 2748
Not Found: /v1/agent/self
[24/Oct/2018 04:34:58] "GET /v1/agent/self HTTP/1.1" 404 2788
Not Found: /
[24/Oct/2018 05:16:11] "GET / HTTP/1.0" 404 2748
Not Found: /
[24/Oct/2018 05:36:27] "GET / HTTP/1.1" 404 2739
Not Found: /
[24/Oct/2018 07:10:43] "GET / HTTP/1.1" 404 2739
Not Found: /
[24/Oct/2018 07:33:57] "GET / HTTP/1.0" 404 2748
[24/Oct/2018 07:35:07] "GET /keyboard HTTP/1.1" 200 96
[24/Oct/2018 07:35:11] "POST /message HTTP/1.1" 200 260
[24/Oct/2018 07:35:26] "POST /message HTTP/1.1" 200 228
[24/Oct/2018 07:35:28] "POST /message HTTP/1.1" 200 260
[24/Oct/2018 08:01:55] "GET /keyboard HTTP/1.1" 200 96
[24/Oct/2018 08:01:58] "POST /message HTTP/1.1" 200 260
[24/Oct/2018 08:02:00] "POST /message HTTP/1.1" 200 228
Not Found: /www.google.com:443
[24/Oct/2018 08:12:44] "CONNECT www.google.com:443 HTTP/1.1" 404 1666
[24/Oct/2018 08:35:19] "GET /keyboard HTTP/1.1" 200 96
[24/Oct/2018 08:35:20] "POST /message HTTP/1.1" 200 228
Not Found: /
[24/Oct/2018 09:05:09] "GET / HTTP/1.1" 404 2734
Not Found: /manager/html
[24/Oct/2018 09:21:19] "GET /manager/html HTTP/1.1" 404 2793
Not Found: /
[24/Oct/2018 09:56:40] "GET / HTTP/1.1" 404 2739
[24/Oct/2018 10:12:41] "GET /keyboard HTTP/1.1" 200 96
[24/Oct/2018 10:12:43] "POST /message HTTP/1.1" 200 260
[24/Oct/2018 10:12:45] "POST /message HTTP/1.1" 200 228
Not Found: /
[24/Oct/2018 11:17:35] "GET / HTTP/1.1" 404 2739
Not Found: /
[24/Oct/2018 12:03:04] "GET / HTTP/1.1" 404 2739
Not Found: /
[24/Oct/2018 12:25:26] "GET / HTTP/1.1" 404 2739
Not Found: /
[24/Oct/2018 12:40:45] "GET / HTTP/1.1" 404 2739
Not Found: /
[24/Oct/2018 13:00:06] "GET / HTTP/1.1" 404 2739
Not Found: /
[24/Oct/2018 13:31:21] "GET / HTTP/1.1" 404 2739
Not Found: /
[24/Oct/2018 15:05:37] "GET / HTTP/1.0" 404 2748
Not Found: /
[24/Oct/2018 15:31:33] "GET / HTTP/1.0" 404 2748
[24/Oct/2018 15:48:22] "GET /keyboard HTTP/1.1" 200 96
[24/Oct/2018 15:48:23] "POST /message HTTP/1.1" 200 228
[24/Oct/2018 15:51:09] "POST /message HTTP/1.1" 200 228
[24/Oct/2018 15:51:23] "POST /message HTTP/1.1" 200 260
Not Found: /
[24/Oct/2018 16:42:53] "GET / HTTP/1.1" 404 2739
Not Found: /
[24/Oct/2018 16:47:07] "GET / HTTP/1.1" 404 2739
Not Found: /
[24/Oct/2018 16:50:45] "GET / HTTP/1.1" 404 2739
Not Found: /
[24/Oct/2018 16:50:48] "GET / HTTP/1.1" 404 2739
Not Found: /tmUnblock.cgi
[24/Oct/2018 17:08:19] "GET /tmUnblock.cgi HTTP/1.1" 404 2805
Not Found: /
[24/Oct/2018 17:09:58] "GET / HTTP/1.1" 404 2739
[24/Oct/2018 18:07:54] "GET /keyboard HTTP/1.1" 200 96
[24/Oct/2018 18:07:56] "POST /message HTTP/1.1" 200 260
[24/Oct/2018 18:08:03] "POST /message HTTP/1.1" 200 228
[24/Oct/2018 18:08:04] "POST /message HTTP/1.1" 200 260
[24/Oct/2018 18:08:06] "POST /message HTTP/1.1" 200 228
[24/Oct/2018 18:08:08] "POST /message HTTP/1.1" 200 260
Not Found: /
[24/Oct/2018 18:11:11] "GET / HTTP/1.1" 404 2739
Not Found: /
[24/Oct/2018 18:23:01] "GET / HTTP/1.0" 404 2748
Not Found: /
[24/Oct/2018 19:00:31] "GET / HTTP/1.1" 404 2739
Not Found: /
[24/Oct/2018 19:01:24] "GET / HTTP/1.0" 404 2748
Not Found: /
[24/Oct/2018 19:05:37] "GET / HTTP/1.1" 404 2739
Not Found: /www.google.com:443
[24/Oct/2018 19:20:34] "CONNECT www.google.com:443 HTTP/1.1" 404 1666
Not Found: /
[24/Oct/2018 19:22:04] "GET / HTTP/1.0" 404 2748
[24/Oct/2018 19:33:55] "GET /keyboard HTTP/1.1" 200 96
[24/Oct/2018 19:33:58] "POST /message HTTP/1.1" 200 260
[24/Oct/2018 19:33:59] "POST /message HTTP/1.1" 200 228
[24/Oct/2018 19:34:03] "POST /message HTTP/1.1" 200 228
Not Found: /
[24/Oct/2018 20:27:38] "GET / HTTP/1.1" 404 2739
Performing system checks...

System check identified no issues (0 silenced).

You have 14 unapplied migration(s). Your project may not work properly until you apply the migrations for app(s): admin, auth, contenttypes, sessions.
Run 'python manage.py migrate' to apply them.
October 24, 2018 - 00:02:55
Django version 2.0.9, using settings 'kakaobot.settings'
Starting development server at http://0.0.0.0:8080/
Quit the server with CONTROL-C.
YimYhhwomVJR text 환율
YimYhhwomVJR text 오늘서울날씨
PRQY1yMPP7RV text 오늘서울날씨
PRQY1yMPP7RV text 환율
PRQY1yMPP7RV text 오늘서울날씨
PRQY1yMPP7RV text 환율
YimYhhwomVJR text 오늘서울날씨
YimYhhwomVJR text 환율
YimYhhwomVJR text 오늘서울날씨
YimYhhwomVJR text 오늘서울날씨
YimYhhwomVJR text 환율
YimYhhwomVJR text 환율
PRQY1yMPP7RV text 오늘서울날씨
PRQY1yMPP7RV text 환율
YimYhhwomVJR text 환율
YimYhhwomVJR text 환율
YimYhhwomVJR text 오늘서울날씨
YimYhhwomVJR text 오늘서울날씨
YimYhhwomVJR text 환율
YimYhhwomVJR text 오늘서울날씨
YimYhhwomVJR text 환율
YimYhhwomVJR text 오늘서울날씨
PRQY1yMPP7RV text 오늘서울날씨
PRQY1yMPP7RV text 환율
PRQY1yMPP7RV text 환율
